{"uuid":"52232508-9d7e-49d0-834d-4fc7c007b5f1","historyId":"467936ac3048a271c4a742804edfae9c","fullName":"tests.DownloadInvoiceAfterPurchase_TC24.downloadInvoiceAfterPurchase","labels":[{"name":"package","value":"tests.DownloadInvoiceAfterPurchase_TC24"},{"name":"testClass","value":"tests.DownloadInvoiceAfterPurchase_TC24"},{"name":"testMethod","value":"downloadInvoiceAfterPurchase"},{"name":"parentSuite","value":"Surefire suite"},{"name":"suite","value":"Surefire test"},{"name":"subSuite","value":"tests.DownloadInvoiceAfterPurchase_TC24"},{"name":"host","value":"HpZbook-15-G3"},{"name":"thread","value":"16268@HpZbook-15-G3.main(3)"},{"name":"framework","value":"testng"},{"name":"language","value":"java"}],"links":[],"name":"downloadInvoiceAfterPurchase","status":"broken","statusDetails":{"known":false,"muted":false,"flaky":false,"message":"Element not clickable: By.cssSelector: #do_action > div.container > div > div > a","trace":"java.lang.RuntimeException: Element not clickable: By.cssSelector: #do_action > div.container > div > div > a\r\n\tat SeleniumFramework.SeleniumHelper.click(SeleniumHelper.java:95)\r\n\tat Pages.CartPage.clickProceedToCheckout(CartPage.java:95)\r\n\tat tests.DownloadInvoiceAfterPurchase_TC24.downloadInvoiceAfterPurchase(DownloadInvoiceAfterPurchase_TC24.java:28)\r\n\tat java.base/jdk.internal.reflect.DirectMethodHandleAccessor.invoke(DirectMethodHandleAccessor.java:104)\r\n\tat java.base/java.lang.reflect.Method.invoke(Method.java:565)\r\n\tat org.testng.internal.invokers.MethodInvocationHelper.invokeMethod(MethodInvocationHelper.java:141)\r\n\tat org.testng.internal.invokers.TestInvoker.invokeMethod(TestInvoker.java:687)\r\n\tat org.testng.internal.invokers.TestInvoker.invokeTestMethod(TestInvoker.java:230)\r\n\tat org.testng.internal.invokers.MethodRunner.runInSequence(MethodRunner.java:63)\r\n\tat org.testng.internal.invokers.TestInvoker$MethodInvocationAgent.invoke(TestInvoker.java:995)\r\n\tat org.testng.internal.invokers.TestInvoker.invokeTestMethods(TestInvoker.java:203)\r\n\tat org.testng.internal.invokers.TestMethodWorker.invokeTestMethods(TestMethodWorker.java:154)\r\n\tat org.testng.internal.invokers.TestMethodWorker.run(TestMethodWorker.java:134)\r\n\tat java.base/java.util.ArrayList.forEach(ArrayList.java:1604)\r\n\tat org.testng.TestRunner.privateRun(TestRunner.java:741)\r\n\tat org.testng.TestRunner.run(TestRunner.java:616)\r\n\tat org.testng.SuiteRunner.runTest(SuiteRunner.java:421)\r\n\tat org.testng.SuiteRunner.runSequentially(SuiteRunner.java:413)\r\n\tat org.testng.SuiteRunner.privateRun(SuiteRunner.java:373)\r\n\tat org.testng.SuiteRunner.run(SuiteRunner.java:312)\r\n\tat org.testng.SuiteRunnerWorker.runSuite(SuiteRunnerWorker.java:52)\r\n\tat org.testng.SuiteRunnerWorker.run(SuiteRunnerWorker.java:95)\r\n\tat org.testng.TestNG.runSuitesSequentially(TestNG.java:1274)\r\n\tat org.testng.TestNG.runSuitesLocally(TestNG.java:1208)\r\n\tat org.testng.TestNG.runSuites(TestNG.java:1112)\r\n\tat org.testng.TestNG.run(TestNG.java:1079)\r\n\tat org.apache.maven.surefire.testng.TestNGExecutor.run(TestNGExecutor.java:155)\r\n\tat org.apache.maven.surefire.testng.TestNGDirectoryTestSuite.executeSingleClass(TestNGDirectoryTestSuite.java:102)\r\n\tat org.apache.maven.surefire.testng.TestNGDirectoryTestSuite.execute(TestNGDirectoryTestSuite.java:91)\r\n\tat org.apache.maven.surefire.testng.TestNGProvider.invoke(TestNGProvider.java:137)\r\n\tat org.apache.maven.surefire.booter.ForkedBooter.runSuitesInProcess(ForkedBooter.java:385)\r\n\tat org.apache.maven.surefire.booter.ForkedBooter.execute(ForkedBooter.java:162)\r\n\tat org.apache.maven.surefire.booter.ForkedBooter.run(ForkedBooter.java:507)\r\n\tat org.apache.maven.surefire.booter.ForkedBooter.main(ForkedBooter.java:495)\r\nCaused by: org.openqa.selenium.TimeoutException: Expected condition failed: waiting for element to be clickable: By.cssSelector: #do_action > div.container > div > div > a (tried for 10 second(s) with 500 milliseconds interval)\nBuild info: version: '4.35.0', revision: '1c58e5028b'\nSystem info: os.name: 'Windows 10', os.arch: 'amd64', os.version: '10.0', java.version: '24.0.1'\nDriver info: org.openqa.selenium.chrome.ChromeDriver\nCapabilities {acceptInsecureCerts: false, browserName: chrome, browserVersion: 140.0.7339.129, chrome: {chromedriverVersion: 140.0.7339.185 (eeea00e459e..., userDataDir: E:\\TMP\\scoped_dir4444_24382...}, fedcm:accounts: true, goog:chromeOptions: {debuggerAddress: localhost:5039}, networkConnectionEnabled: false, pageLoadStrategy: normal, platformName: windows, proxy: Proxy(), se:cdp: ws://localhost:5039/devtool..., se:cdpVersion: 140.0.7339.129, setWindowRect: true, strictFileInteractability: false, timeouts: {implicit: 0, pageLoad: 300000, script: 30000}, unhandledPromptBehavior: dismiss and notify, webauthn:extension:credBlob: true, webauthn:extension:largeBlob: true, webauthn:extension:minPinLength: true, webauthn:extension:prf: true, webauthn:virtualAuthenticators: true}\nSession ID: ffa52f8f080dc678530c59bf573b1eda\r\n\tat org.openqa.selenium.support.ui.WebDriverWait.timeoutException(WebDriverWait.java:84)\r\n\tat org.openqa.selenium.support.ui.FluentWait.until(FluentWait.java:228)\r\n\tat SeleniumFramework.SeleniumHelper.waitForClickable(SeleniumHelper.java:47)\r\n\tat SeleniumFramework.SeleniumHelper.click(SeleniumHelper.java:90)\r\n\t... 33 more\r\n"},"stage":"finished","steps":[],"attachments":[],"parameters":[],"start":1758406252275,"stop":1758406277910}